<?xml version="1.0" encoding="UTF-8"?>
<testsuite name="datastructuresTest.CordinateTest" tests="2" skipped="0" failures="0" errors="0" timestamp="2020-09-05T11:00:40" hostname="Kaius-MBP" time="0.0">
  <properties/>
  <testcase name="equalsWorks" classname="datastructuresTest.CordinateTest" time="0.0"/>
  <testcase name="compareToWorks" classname="datastructuresTest.CordinateTest" time="0.0"/>
  <system-out><![CDATA[]]></system-out>
  <system-err><![CDATA[]]></system-err>
</testsuite>
