<?xml version="1.0" encoding="UTF-8"?>
<testsuite name="logicTest.JPSdiagonalTest" tests="11" skipped="0" failures="0" errors="0" timestamp="2020-09-05T12:15:11" hostname="Kaius-MBP" time="0.005">
  <properties/>
  <testcase name="diagonalLinesReverse" classname="logicTest.JPSdiagonalTest" time="0.0"/>
  <testcase name="findsPathTreeline" classname="logicTest.JPSdiagonalTest" time="0.0"/>
  <testcase name="diagonalLines" classname="logicTest.JPSdiagonalTest" time="0.001"/>
  <testcase name="findsPathThreeTreelines" classname="logicTest.JPSdiagonalTest" time="0.0"/>
  <testcase name="asd" classname="logicTest.JPSdiagonalTest" time="0.001"/>
  <testcase name="maze" classname="logicTest.JPSdiagonalTest" time="0.0"/>
  <testcase name="findsPathNoObstacles" classname="logicTest.JPSdiagonalTest" time="0.001"/>
  <testcase name="mazeReverse" classname="logicTest.JPSdiagonalTest" time="0.0"/>
  <testcase name="findsPathNoObstaclesReverse" classname="logicTest.JPSdiagonalTest" time="0.001"/>
  <testcase name="noPathExits" classname="logicTest.JPSdiagonalTest" time="0.0"/>
  <testcase name="findsPathThreeTreelinesReverse" classname="logicTest.JPSdiagonalTest" time="0.0"/>
  <system-out><![CDATA[]]></system-out>
  <system-err><![CDATA[]]></system-err>
</testsuite>
