<?xml version="1.0" encoding="UTF-8"?>
<testsuite name="logicTest.DijkstraTest" tests="9" skipped="0" failures="0" errors="0" timestamp="2020-09-04T17:09:52" hostname="Kaius-MBP" time="0.016">
  <properties/>
  <testcase name="diagonalLinesReverse" classname="logicTest.DijkstraTest" time="0.002"/>
  <testcase name="findsPathTreeline" classname="logicTest.DijkstraTest" time="0.001"/>
  <testcase name="diagonalLines" classname="logicTest.DijkstraTest" time="0.002"/>
  <testcase name="findsPathThreeTreelines" classname="logicTest.DijkstraTest" time="0.002"/>
  <testcase name="asd" classname="logicTest.DijkstraTest" time="0.001"/>
  <testcase name="maze" classname="logicTest.DijkstraTest" time="0.002"/>
  <testcase name="findsPathNoObstacles" classname="logicTest.DijkstraTest" time="0.001"/>
  <testcase name="mazeReverse" classname="logicTest.DijkstraTest" time="0.001"/>
  <testcase name="noPathExits" classname="logicTest.DijkstraTest" time="0.0"/>
  <system-out><![CDATA[Djikstra
Printing path
goal Cordinate [colum=3, lineNumber=8, direction=0]
Cordinate [colum=2, lineNumber=7, direction=0]
Cordinate [colum=2, lineNumber=6, direction=0]
Cordinate [colum=2, lineNumber=5, direction=0]
Cordinate [colum=3, lineNumber=5, direction=0]
Cordinate [colum=4, lineNumber=5, direction=0]
Cordinate [colum=5, lineNumber=5, direction=0]
Cordinate [colum=6, lineNumber=5, direction=0]
Cordinate [colum=6, lineNumber=4, direction=0]
Cordinate [colum=6, lineNumber=3, direction=0]
Cordinate [colum=5, lineNumber=3, direction=0]
Cordinate [colum=5, lineNumber=2, direction=0]
Cordinate [colum=5, lineNumber=1, direction=0]
Cordinate [colum=6, lineNumber=1, direction=0]
Cordinate [colum=7, lineNumber=1, direction=0]
start Cordinate [colum=8, lineNumber=2, direction=0]
@@@@@@@@@@
@.T..XXX.@
@..T.XT.S@
@...TXXT.@
@....TX.T@
@.XXXXX..@
@.XT.....@
@.X.T....@
@..G.T...@
@@@@@@@@@@Djikstra
Printing path
goal Cordinate [colum=8, lineNumber=4, direction=0]
Cordinate [colum=7, lineNumber=3, direction=0]
Cordinate [colum=7, lineNumber=2, direction=0]
Cordinate [colum=6, lineNumber=1, direction=0]
Cordinate [colum=5, lineNumber=1, direction=0]
Cordinate [colum=4, lineNumber=1, direction=0]
Cordinate [colum=3, lineNumber=2, direction=0]
Cordinate [colum=2, lineNumber=3, direction=0]
start Cordinate [colum=1, lineNumber=4, direction=0]
@@@@@@@@@@
@...XXX..@
@..X.T.X.@
@.X..T.X.@
@S...T..G@
@....T...@
@....T...@
@....T...@
@....T...@
@@@@@@@@@@Djikstra
Printing path
goal Cordinate [colum=8, lineNumber=2, direction=0]
Cordinate [colum=7, lineNumber=1, direction=0]
Cordinate [colum=6, lineNumber=1, direction=0]
Cordinate [colum=5, lineNumber=1, direction=0]
Cordinate [colum=5, lineNumber=2, direction=0]
Cordinate [colum=5, lineNumber=3, direction=0]
Cordinate [colum=6, lineNumber=3, direction=0]
Cordinate [colum=6, lineNumber=4, direction=0]
Cordinate [colum=6, lineNumber=5, direction=0]
Cordinate [colum=5, lineNumber=5, direction=0]
Cordinate [colum=4, lineNumber=5, direction=0]
Cordinate [colum=3, lineNumber=5, direction=0]
Cordinate [colum=2, lineNumber=5, direction=0]
Cordinate [colum=2, lineNumber=6, direction=0]
Cordinate [colum=2, lineNumber=7, direction=0]
start Cordinate [colum=3, lineNumber=8, direction=0]
@@@@@@@@@@
@.T..XXX.@
@..T.XT.G@
@...TXXT.@
@....TX.T@
@.XXXXX..@
@.XT.....@
@.X.T....@
@..S.T...@
@@@@@@@@@@Djikstra
Printing path
goal Cordinate [colum=8, lineNumber=1, direction=0]
Cordinate [colum=8, lineNumber=2, direction=0]
Cordinate [colum=8, lineNumber=3, direction=0]
Cordinate [colum=8, lineNumber=4, direction=0]
Cordinate [colum=8, lineNumber=5, direction=0]
Cordinate [colum=8, lineNumber=6, direction=0]
Cordinate [colum=8, lineNumber=7, direction=0]
Cordinate [colum=8, lineNumber=8, direction=0]
Cordinate [colum=7, lineNumber=8, direction=0]
Cordinate [colum=6, lineNumber=8, direction=0]
Cordinate [colum=6, lineNumber=7, direction=0]
Cordinate [colum=6, lineNumber=6, direction=0]
Cordinate [colum=6, lineNumber=5, direction=0]
Cordinate [colum=6, lineNumber=4, direction=0]
Cordinate [colum=6, lineNumber=3, direction=0]
Cordinate [colum=6, lineNumber=2, direction=0]
Cordinate [colum=6, lineNumber=1, direction=0]
Cordinate [colum=5, lineNumber=1, direction=0]
Cordinate [colum=4, lineNumber=1, direction=0]
Cordinate [colum=4, lineNumber=2, direction=0]
Cordinate [colum=4, lineNumber=3, direction=0]
Cordinate [colum=4, lineNumber=4, direction=0]
Cordinate [colum=4, lineNumber=5, direction=0]
Cordinate [colum=4, lineNumber=6, direction=0]
Cordinate [colum=4, lineNumber=7, direction=0]
Cordinate [colum=4, lineNumber=8, direction=0]
Cordinate [colum=3, lineNumber=8, direction=0]
Cordinate [colum=2, lineNumber=8, direction=0]
Cordinate [colum=2, lineNumber=7, direction=0]
Cordinate [colum=2, lineNumber=6, direction=0]
Cordinate [colum=2, lineNumber=5, direction=0]
Cordinate [colum=2, lineNumber=4, direction=0]
Cordinate [colum=2, lineNumber=3, direction=0]
Cordinate [colum=2, lineNumber=2, direction=0]
start Cordinate [colum=2, lineNumber=1, direction=0]
@@@@@@@@@@
@.STXXXTG@
@.XTXTXTX@
@.XTXTXTX@
@.XTXTXTX@
@.XTXTXTX@
@.XTXTXTX@
@.XTXTXTX@
@.XXXTXXX@
@@@@@@@@@@Djikstra
Printing path
goal Cordinate [colum=2, lineNumber=7, direction=0]
Cordinate [colum=3, lineNumber=6, direction=0]
Cordinate [colum=4, lineNumber=5, direction=0]
Cordinate [colum=5, lineNumber=4, direction=0]
Cordinate [colum=6, lineNumber=4, direction=0]
start Cordinate [colum=7, lineNumber=4, direction=0]
@@@@@@@@@@
@.........
@.........
@.........
@....XXS..
@...X...TT
@..X..TTTT
@.G..TTTTT
@...TTTTTT
@@@@@@@@@@Djikstra
Printing path
goal Cordinate [colum=7, lineNumber=2, direction=0]
Cordinate [colum=7, lineNumber=3, direction=0]
Cordinate [colum=7, lineNumber=4, direction=0]
Cordinate [colum=7, lineNumber=5, direction=0]
Cordinate [colum=7, lineNumber=6, direction=0]
Cordinate [colum=6, lineNumber=6, direction=0]
Cordinate [colum=5, lineNumber=6, direction=0]
Cordinate [colum=5, lineNumber=5, direction=0]
Cordinate [colum=4, lineNumber=5, direction=0]
Cordinate [colum=4, lineNumber=4, direction=0]
Cordinate [colum=4, lineNumber=3, direction=0]
Cordinate [colum=4, lineNumber=2, direction=0]
Cordinate [colum=4, lineNumber=1, direction=0]
Cordinate [colum=3, lineNumber=1, direction=0]
Cordinate [colum=2, lineNumber=1, direction=0]
Cordinate [colum=2, lineNumber=2, direction=0]
Cordinate [colum=1, lineNumber=2, direction=0]
Cordinate [colum=1, lineNumber=3, direction=0]
Cordinate [colum=1, lineNumber=4, direction=0]
Cordinate [colum=1, lineNumber=5, direction=0]
Cordinate [colum=1, lineNumber=6, direction=0]
start Cordinate [colum=2, lineNumber=7, direction=0]
@@@@@@@@@@
@TXXXT...@
@XXTXT.G.@
@XT.XT.X.@
@XT.XT.XT@
@XTTXXTX.@
@X..TXXX.@
@.S.T.T.T@
@...T....@
@@@@@@@@@@Djikstra
Printing path
goal Cordinate [colum=8, lineNumber=4, direction=0]
Cordinate [colum=7, lineNumber=4, direction=0]
Cordinate [colum=6, lineNumber=4, direction=0]
Cordinate [colum=5, lineNumber=4, direction=0]
Cordinate [colum=4, lineNumber=4, direction=0]
Cordinate [colum=3, lineNumber=4, direction=0]
Cordinate [colum=2, lineNumber=4, direction=0]
start Cordinate [colum=1, lineNumber=4, direction=0]
@@@@@@@@@@
@........@
@........@
@........@
@SXXXXXXG@
@........@
@........@
@........@
@........@
@@@@@@@@@@Djikstra
Printing path
goal Cordinate [colum=2, lineNumber=7, direction=0]
Cordinate [colum=1, lineNumber=6, direction=0]
Cordinate [colum=1, lineNumber=5, direction=0]
Cordinate [colum=1, lineNumber=4, direction=0]
Cordinate [colum=1, lineNumber=3, direction=0]
Cordinate [colum=1, lineNumber=2, direction=0]
Cordinate [colum=2, lineNumber=2, direction=0]
Cordinate [colum=2, lineNumber=1, direction=0]
Cordinate [colum=3, lineNumber=1, direction=0]
Cordinate [colum=4, lineNumber=1, direction=0]
Cordinate [colum=4, lineNumber=2, direction=0]
Cordinate [colum=4, lineNumber=3, direction=0]
Cordinate [colum=4, lineNumber=4, direction=0]
Cordinate [colum=4, lineNumber=5, direction=0]
Cordinate [colum=5, lineNumber=5, direction=0]
Cordinate [colum=5, lineNumber=6, direction=0]
Cordinate [colum=6, lineNumber=6, direction=0]
Cordinate [colum=7, lineNumber=6, direction=0]
Cordinate [colum=7, lineNumber=5, direction=0]
Cordinate [colum=7, lineNumber=4, direction=0]
Cordinate [colum=7, lineNumber=3, direction=0]
start Cordinate [colum=7, lineNumber=2, direction=0]
@@@@@@@@@@
@TXXXT...@
@XXTXT.S.@
@XT.XT.X.@
@XT.XT.XT@
@XTTXXTX.@
@X..TXXX.@
@.G.T.T.T@
@...T....@
@@@@@@@@@@]]></system-out>
  <system-err><![CDATA[]]></system-err>
</testsuite>
