<?xml version="1.0" encoding="UTF-8"?>
<testsuite name="logicTest.DijkstraTest" tests="4" skipped="0" failures="0" errors="0" timestamp="2020-08-10T10:09:44" hostname="Kaius-MBP" time="0.003">
  <properties/>
  <testcase name="findsPathTreeline" classname="logicTest.DijkstraTest" time="0.001"/>
  <testcase name="findsPathThreeTreelines" classname="logicTest.DijkstraTest" time="0.001"/>
  <testcase name="findsPathNoObstacles" classname="logicTest.DijkstraTest" time="0.0"/>
  <testcase name="noPathExits" classname="logicTest.DijkstraTest" time="0.0"/>
  <system-out><![CDATA[]]></system-out>
  <system-err><![CDATA[]]></system-err>
</testsuite>
