<?xml version="1.0" encoding="UTF-8"?>
<testsuite name="datastructuresTest.DoublesQueTest" tests="8" skipped="0" failures="0" errors="0" timestamp="2020-09-05T11:00:40" hostname="Kaius-MBP" time="0.002">
  <properties/>
  <testcase name="addAndPollWork" classname="datastructuresTest.DoublesQueTest" time="0.0"/>
  <testcase name="queGrows" classname="datastructuresTest.DoublesQueTest" time="0.0"/>
  <testcase name="queGrowsWhenTailIsBeforeHead" classname="datastructuresTest.DoublesQueTest" time="0.0"/>
  <testcase name="isEmptyWhenCreated" classname="datastructuresTest.DoublesQueTest" time="0.0"/>
  <testcase name="isEmptyAfterContentsArePolled" classname="datastructuresTest.DoublesQueTest" time="0.0"/>
  <testcase name="isNotEmptyAfterStuffAdded" classname="datastructuresTest.DoublesQueTest" time="0.0"/>
  <testcase name="standartConstructorExists" classname="datastructuresTest.DoublesQueTest" time="0.0"/>
  <testcase name="worksWhenTailIsBeforeHead" classname="datastructuresTest.DoublesQueTest" time="0.001"/>
  <system-out><![CDATA[]]></system-out>
  <system-err><![CDATA[]]></system-err>
</testsuite>
