<?xml version="1.0" encoding="UTF-8"?>
<testsuite name="logicTest.JPSdiagonalTest" tests="11" skipped="0" failures="0" errors="0" timestamp="2020-09-04T17:09:52" hostname="Kaius-MBP" time="0.047">
  <properties/>
  <testcase name="diagonalLinesReverse" classname="logicTest.JPSdiagonalTest" time="0.021"/>
  <testcase name="findsPathTreeline" classname="logicTest.JPSdiagonalTest" time="0.002"/>
  <testcase name="diagonalLines" classname="logicTest.JPSdiagonalTest" time="0.003"/>
  <testcase name="findsPathThreeTreelines" classname="logicTest.JPSdiagonalTest" time="0.003"/>
  <testcase name="asd" classname="logicTest.JPSdiagonalTest" time="0.002"/>
  <testcase name="maze" classname="logicTest.JPSdiagonalTest" time="0.003"/>
  <testcase name="findsPathNoObstacles" classname="logicTest.JPSdiagonalTest" time="0.001"/>
  <testcase name="mazeReverse" classname="logicTest.JPSdiagonalTest" time="0.003"/>
  <testcase name="findsPathNoObstaclesReverse" classname="logicTest.JPSdiagonalTest" time="0.002"/>
  <testcase name="noPathExits" classname="logicTest.JPSdiagonalTest" time="0.0"/>
  <testcase name="findsPathThreeTreelinesReverse" classname="logicTest.JPSdiagonalTest" time="0.002"/>
  <system-out><![CDATA[current Cordinate [colum=8, lineNumber=2, direction=0]
current Cordinate [colum=7, lineNumber=1, direction=8]
current Cordinate [colum=5, lineNumber=1, direction=7]
current Cordinate [colum=5, lineNumber=3, direction=5]
current Cordinate [colum=6, lineNumber=3, direction=3]
current Cordinate [colum=6, lineNumber=4, direction=5]
current Cordinate [colum=6, lineNumber=5, direction=5]
current Cordinate [colum=4, lineNumber=5, direction=7]
current Cordinate [colum=2, lineNumber=5, direction=7]
current Cordinate [colum=2, lineNumber=7, direction=5]
current Cordinate [colum=3, lineNumber=8, direction=4]
JPS
Printing path
goal Cordinate [colum=3, lineNumber=8, direction=0]
Cordinate [colum=2, lineNumber=7, direction=5]
Cordinate [colum=2, lineNumber=5, direction=7]
Cordinate [colum=4, lineNumber=5, direction=7]
Cordinate [colum=6, lineNumber=5, direction=5]
Cordinate [colum=6, lineNumber=4, direction=5]
Cordinate [colum=6, lineNumber=3, direction=3]
Cordinate [colum=5, lineNumber=3, direction=5]
Cordinate [colum=5, lineNumber=1, direction=7]
Cordinate [colum=7, lineNumber=1, direction=8]
start Cordinate [colum=8, lineNumber=2, direction=0]
@@@@@@@@@@
@.T..X.X.@
@..T..T.S@
@...TXXT.@
@....TX.T@
@.X.X.X..@
@..T.....@
@.X.T....@
@..G.T...@
@@@@@@@@@@current Cordinate [colum=1, lineNumber=4, direction=0]
current Cordinate [colum=4, lineNumber=1, direction=2]
current Cordinate [colum=6, lineNumber=1, direction=3]
current Cordinate [colum=8, lineNumber=3, direction=4]
current Cordinate [colum=8, lineNumber=4, direction=5]
JPS
Printing path
goal Cordinate [colum=8, lineNumber=4, direction=0]
Cordinate [colum=8, lineNumber=3, direction=4]
Cordinate [colum=6, lineNumber=1, direction=3]
Cordinate [colum=4, lineNumber=1, direction=2]
start Cordinate [colum=1, lineNumber=4, direction=0]
@@@@@@@@@@
@...X.X..@
@....T...@
@....T..X@
@S...T..G@
@....T...@
@....T...@
@....T...@
@....T...@
@@@@@@@@@@current Cordinate [colum=3, lineNumber=8, direction=0]
current Cordinate [colum=2, lineNumber=7, direction=8]
current Cordinate [colum=2, lineNumber=5, direction=1]
current Cordinate [colum=4, lineNumber=5, direction=3]
current Cordinate [colum=6, lineNumber=5, direction=3]
current Cordinate [colum=6, lineNumber=3, direction=1]
current Cordinate [colum=5, lineNumber=3, direction=7]
current Cordinate [colum=5, lineNumber=2, direction=1]
current Cordinate [colum=5, lineNumber=1, direction=1]
current Cordinate [colum=7, lineNumber=1, direction=3]
current Cordinate [colum=8, lineNumber=2, direction=4]
JPS
Printing path
goal Cordinate [colum=8, lineNumber=2, direction=0]
Cordinate [colum=7, lineNumber=1, direction=3]
Cordinate [colum=5, lineNumber=1, direction=1]
Cordinate [colum=5, lineNumber=2, direction=1]
Cordinate [colum=5, lineNumber=3, direction=7]
Cordinate [colum=6, lineNumber=3, direction=1]
Cordinate [colum=6, lineNumber=5, direction=3]
Cordinate [colum=4, lineNumber=5, direction=3]
Cordinate [colum=2, lineNumber=5, direction=1]
Cordinate [colum=2, lineNumber=7, direction=8]
start Cordinate [colum=3, lineNumber=8, direction=0]
@@@@@@@@@@
@.T..X.X.@
@..T.XT.G@
@...TXXT.@
@....T..T@
@.X.X.X..@
@..T.....@
@.X.T....@
@..S.T...@
@@@@@@@@@@current Cordinate [colum=2, lineNumber=1, direction=0]
current Cordinate [colum=2, lineNumber=8, direction=5]
current Cordinate [colum=4, lineNumber=8, direction=3]
current Cordinate [colum=4, lineNumber=1, direction=1]
current Cordinate [colum=6, lineNumber=1, direction=3]
current Cordinate [colum=6, lineNumber=8, direction=5]
current Cordinate [colum=8, lineNumber=8, direction=3]
current Cordinate [colum=8, lineNumber=1, direction=1]
JPS
Printing path
goal Cordinate [colum=8, lineNumber=1, direction=0]
Cordinate [colum=8, lineNumber=8, direction=3]
Cordinate [colum=6, lineNumber=8, direction=5]
Cordinate [colum=6, lineNumber=1, direction=3]
Cordinate [colum=4, lineNumber=1, direction=1]
Cordinate [colum=4, lineNumber=8, direction=3]
Cordinate [colum=2, lineNumber=8, direction=5]
start Cordinate [colum=2, lineNumber=1, direction=0]
@@@@@@@@@@
@.STX.XTG@
@..T.T.T.@
@..T.T.T.@
@..T.T.T.@
@..T.T.T.@
@..T.T.T.@
@..T.T.T.@
@.X.XTX.X@
@@@@@@@@@@current Cordinate [colum=7, lineNumber=4, direction=0]
current Cordinate [colum=6, lineNumber=5, direction=6]
current Cordinate [colum=5, lineNumber=5, direction=7]
current Cordinate [colum=3, lineNumber=7, direction=6]
current Cordinate [colum=2, lineNumber=7, direction=7]
JPS
Printing path
goal Cordinate [colum=2, lineNumber=7, direction=0]
Cordinate [colum=3, lineNumber=7, direction=6]
Cordinate [colum=5, lineNumber=5, direction=7]
Cordinate [colum=6, lineNumber=5, direction=6]
start Cordinate [colum=7, lineNumber=4, direction=0]
@@@@@@@@@@
@.........
@.........
@.........
@......S..
@....XX.TT
@.....TTTT
@.GX.TTTTT
@...TTTTTT
@@@@@@@@@@current Cordinate [colum=2, lineNumber=7, direction=0]
current Cordinate [colum=1, lineNumber=6, direction=8]
current Cordinate [colum=1, lineNumber=2, direction=1]
current Cordinate [colum=2, lineNumber=2, direction=3]
current Cordinate [colum=2, lineNumber=1, direction=1]
current Cordinate [colum=4, lineNumber=1, direction=3]
current Cordinate [colum=4, lineNumber=3, direction=5]
current Cordinate [colum=4, lineNumber=5, direction=5]
current Cordinate [colum=5, lineNumber=5, direction=3]
current Cordinate [colum=5, lineNumber=6, direction=5]
current Cordinate [colum=7, lineNumber=6, direction=3]
current Cordinate [colum=7, lineNumber=4, direction=1]
current Cordinate [colum=7, lineNumber=3, direction=1]
current Cordinate [colum=7, lineNumber=2, direction=1]
JPS
Printing path
goal Cordinate [colum=7, lineNumber=2, direction=0]
Cordinate [colum=7, lineNumber=3, direction=1]
Cordinate [colum=7, lineNumber=4, direction=1]
Cordinate [colum=7, lineNumber=6, direction=3]
Cordinate [colum=5, lineNumber=6, direction=5]
Cordinate [colum=5, lineNumber=5, direction=3]
Cordinate [colum=4, lineNumber=5, direction=5]
Cordinate [colum=4, lineNumber=3, direction=5]
Cordinate [colum=4, lineNumber=1, direction=3]
Cordinate [colum=2, lineNumber=1, direction=1]
Cordinate [colum=2, lineNumber=2, direction=3]
Cordinate [colum=1, lineNumber=2, direction=1]
Cordinate [colum=1, lineNumber=6, direction=8]
start Cordinate [colum=2, lineNumber=7, direction=0]
@@@@@@@@@@
@TX.XT...@
@XXT.T.G.@
@.T.XT.X.@
@.T..T.XT@
@.TTXXT..@
@X..TX.X.@
@.S.T.T.T@
@...T....@
@@@@@@@@@@current Cordinate [colum=1, lineNumber=4, direction=0]
current Cordinate [colum=8, lineNumber=4, direction=3]
JPS
Printing path
goal Cordinate [colum=8, lineNumber=4, direction=0]
start Cordinate [colum=1, lineNumber=4, direction=0]
@@@@@@@@@@
@........@
@........@
@........@
@S......G@
@........@
@........@
@........@
@........@
@@@@@@@@@@current Cordinate [colum=7, lineNumber=2, direction=0]
current Cordinate [colum=7, lineNumber=5, direction=5]
current Cordinate [colum=7, lineNumber=6, direction=5]
current Cordinate [colum=5, lineNumber=6, direction=7]
current Cordinate [colum=5, lineNumber=5, direction=1]
current Cordinate [colum=4, lineNumber=5, direction=7]
current Cordinate [colum=5, lineNumber=8, direction=5]
current Cordinate [colum=7, lineNumber=8, direction=5]
current Cordinate [colum=7, lineNumber=8, direction=3]
current Cordinate [colum=4, lineNumber=4, direction=1]
current Cordinate [colum=4, lineNumber=1, direction=1]
current Cordinate [colum=2, lineNumber=1, direction=7]
current Cordinate [colum=2, lineNumber=2, direction=5]
current Cordinate [colum=1, lineNumber=2, direction=7]
current Cordinate [colum=1, lineNumber=6, direction=5]
current Cordinate [colum=2, lineNumber=7, direction=4]
JPS
Printing path
goal Cordinate [colum=2, lineNumber=7, direction=0]
Cordinate [colum=1, lineNumber=6, direction=5]
Cordinate [colum=1, lineNumber=2, direction=7]
Cordinate [colum=2, lineNumber=2, direction=5]
Cordinate [colum=2, lineNumber=1, direction=7]
Cordinate [colum=4, lineNumber=1, direction=1]
Cordinate [colum=4, lineNumber=4, direction=1]
Cordinate [colum=4, lineNumber=5, direction=7]
Cordinate [colum=5, lineNumber=5, direction=1]
Cordinate [colum=5, lineNumber=6, direction=7]
Cordinate [colum=7, lineNumber=6, direction=5]
Cordinate [colum=7, lineNumber=5, direction=5]
start Cordinate [colum=7, lineNumber=2, direction=0]
@@@@@@@@@@
@TX.XT...@
@XXT.T.S.@
@.T..T...@
@.T.XT..T@
@.TTXXTX.@
@X..TX.X.@
@.G.T.T.T@
@...T....@
@@@@@@@@@@current Cordinate [colum=8, lineNumber=4, direction=0]
current Cordinate [colum=1, lineNumber=4, direction=7]
JPS
Printing path
goal Cordinate [colum=1, lineNumber=4, direction=0]
start Cordinate [colum=8, lineNumber=4, direction=0]
@@@@@@@@@@
@........@
@........@
@........@
@G......S@
@........@
@........@
@........@
@........@
@@@@@@@@@@current Cordinate [colum=1, lineNumber=4, direction=0]
current Cordinate [colum=8, lineNumber=1, direction=0]
current Cordinate [colum=8, lineNumber=8, direction=5]
current Cordinate [colum=6, lineNumber=8, direction=7]
current Cordinate [colum=6, lineNumber=1, direction=1]
current Cordinate [colum=4, lineNumber=1, direction=7]
current Cordinate [colum=4, lineNumber=8, direction=5]
current Cordinate [colum=2, lineNumber=8, direction=7]
current Cordinate [colum=2, lineNumber=1, direction=1]
JPS
Printing path
goal Cordinate [colum=2, lineNumber=1, direction=0]
Cordinate [colum=2, lineNumber=8, direction=7]
Cordinate [colum=4, lineNumber=8, direction=5]
Cordinate [colum=4, lineNumber=1, direction=7]
Cordinate [colum=6, lineNumber=1, direction=1]
Cordinate [colum=6, lineNumber=8, direction=7]
Cordinate [colum=8, lineNumber=8, direction=5]
start Cordinate [colum=8, lineNumber=1, direction=0]
@@@@@@@@@@
@.GTX.XTS@
@..T.T.T.@
@..T.T.T.@
@..T.T.T.@
@..T.T.T.@
@..T.T.T.@
@..T.T.T.@
@.X.XTX.X@
@@@@@@@@@@]]></system-out>
  <system-err><![CDATA[]]></system-err>
</testsuite>
