<?xml version="1.0" encoding="UTF-8"?>
<testsuite name="datastructuresTest.MyDequeTest" tests="9" skipped="0" failures="0" errors="0" timestamp="2020-08-11T09:57:55" hostname="Kaius-MBP" time="0.009">
  <properties/>
  <testcase name="addAndPollWork" classname="datastructuresTest.MyDequeTest" time="0.001"/>
  <testcase name="queGrows" classname="datastructuresTest.MyDequeTest" time="0.0"/>
  <testcase name="queGrowsWhenTailIsBeforeHead" classname="datastructuresTest.MyDequeTest" time="0.001"/>
  <testcase name="isEmptyWhenCreated" classname="datastructuresTest.MyDequeTest" time="0.0"/>
  <testcase name="isNotEmptyAfterStuffAdded" classname="datastructuresTest.MyDequeTest" time="0.0"/>
  <testcase name="standartConstructorExists" classname="datastructuresTest.MyDequeTest" time="0.0"/>
  <testcase name="worksWhenTailIsBeforeHead" classname="datastructuresTest.MyDequeTest" time="0.0"/>
  <testcase name="isNotEmptyAfterContentsArePolled" classname="datastructuresTest.MyDequeTest" time="0.0"/>
  <testcase name="toStringWorks" classname="datastructuresTest.MyDequeTest" time="0.006"/>
  <system-out><![CDATA[MyDeque [1, 2, 3, 4]
]]></system-out>
  <system-err><![CDATA[]]></system-err>
</testsuite>
