<?xml version="1.0" encoding="UTF-8"?>
<testsuite name="datastructuresTest.MapListTest" tests="1" skipped="0" failures="0" errors="0" timestamp="2020-08-28T18:52:04" hostname="Kaius-MBP" time="0.001">
  <properties/>
  <testcase name="addAndPollWork" classname="datastructuresTest.MapListTest" time="0.001"/>
  <system-out><![CDATA[]]></system-out>
  <system-err><![CDATA[]]></system-err>
</testsuite>
