<?xml version="1.0" encoding="UTF-8"?>
<testsuite name="logicTest.AstarTest" tests="5" skipped="0" failures="0" errors="0" timestamp="2020-09-04T11:54:57" hostname="Kaius-MBP" time="0.003">
  <properties/>
  <testcase name="findsPathTreeline" classname="logicTest.AstarTest" time="0.001"/>
  <testcase name="findsPathThreeTreelines" classname="logicTest.AstarTest" time="0.001"/>
  <testcase name="findsPathNoObstacles" classname="logicTest.AstarTest" time="0.0"/>
  <testcase name="noPathExits" classname="logicTest.AstarTest" time="0.0"/>
  <testcase name="findsPathTwoTreelines" classname="logicTest.AstarTest" time="0.001"/>
  <system-out><![CDATA[]]></system-out>
  <system-err><![CDATA[]]></system-err>
</testsuite>
