<?xml version="1.0" encoding="UTF-8"?>
<testsuite name="datastructuresTest.MinHeapTest" tests="3" skipped="0" failures="0" errors="0" timestamp="2020-08-12T10:24:29" hostname="Kaius-MBP" time="0.004">
  <properties/>
  <testcase name="addAndPollWork" classname="datastructuresTest.MinHeapTest" time="0.003"/>
  <testcase name="pollsHasCurrectOrder" classname="datastructuresTest.MinHeapTest" time="0.0"/>
  <testcase name="heapGrowingWorks" classname="datastructuresTest.MinHeapTest" time="0.001"/>
  <system-out><![CDATA[]]></system-out>
  <system-err><![CDATA[]]></system-err>
</testsuite>
