<?xml version="1.0" encoding="UTF-8"?>
<testsuite name="logicTest.JPSdiagonalTest" tests="6" skipped="0" failures="0" errors="0" timestamp="2020-08-20T11:38:38" hostname="Kaius-MBP" time="0.005">
  <properties/>
  <testcase name="findsPathTreeline" classname="logicTest.JPSdiagonalTest" time="0.001"/>
  <testcase name="findsPathThreeTreelines" classname="logicTest.JPSdiagonalTest" time="0.0"/>
  <testcase name="findsPathNoObstacles" classname="logicTest.JPSdiagonalTest" time="0.0"/>
  <testcase name="findsPathNoObstaclesReverse" classname="logicTest.JPSdiagonalTest" time="0.0"/>
  <testcase name="noPathExits" classname="logicTest.JPSdiagonalTest" time="0.001"/>
  <testcase name="findsPathThreeTreelinesReverse" classname="logicTest.JPSdiagonalTest" time="0.001"/>
  <system-out><![CDATA[]]></system-out>
  <system-err><![CDATA[]]></system-err>
</testsuite>
