<?xml version="1.0" encoding="UTF-8"?>
<testsuite name="datastructuresTest.MapListTest" tests="1" skipped="0" failures="0" errors="0" timestamp="2020-09-01T15:17:35" hostname="Kaius-MBP" time="0.0">
  <properties/>
  <testcase name="addAndPollWork" classname="datastructuresTest.MapListTest" time="0.0"/>
  <system-out><![CDATA[]]></system-out>
  <system-err><![CDATA[]]></system-err>
</testsuite>
