<?xml version="1.0" encoding="UTF-8"?>
<testsuite name="logicTest.JPSTest" tests="6" skipped="0" failures="0" errors="0" timestamp="2020-08-18T19:05:17" hostname="Kaius-MBP" time="0.003">
  <properties/>
  <testcase name="findsPathTreeline" classname="logicTest.JPSTest" time="0.002"/>
  <testcase name="findsPathThreeTreelines" classname="logicTest.JPSTest" time="0.0"/>
  <testcase name="findsPathNoObstacles" classname="logicTest.JPSTest" time="0.0"/>
  <testcase name="findsPathNoObstaclesReverse" classname="logicTest.JPSTest" time="0.0"/>
  <testcase name="noPathExits" classname="logicTest.JPSTest" time="0.0"/>
  <testcase name="findsPathThreeTreelinesReverse" classname="logicTest.JPSTest" time="0.0"/>
  <system-out><![CDATA[]]></system-out>
  <system-err><![CDATA[]]></system-err>
</testsuite>
