<?xml version="1.0" encoding="UTF-8"?>
<testsuite name="datastructuresTest.PathMapTest" tests="3" skipped="0" failures="0" errors="0" timestamp="2020-08-14T16:16:25" hostname="Kaius-MBP" time="0.002">
  <properties/>
  <testcase name="terrainAtWithinBounds" classname="datastructuresTest.PathMapTest" time="0.0"/>
  <testcase name="gettersAndSetters" classname="datastructuresTest.PathMapTest" time="0.002"/>
  <testcase name="terrainOutOfBounds" classname="datastructuresTest.PathMapTest" time="0.0"/>
  <system-out><![CDATA[]]></system-out>
  <system-err><![CDATA[]]></system-err>
</testsuite>
