<?xml version="1.0" encoding="UTF-8"?>
<testsuite name="logicTest.AstarTest" tests="5" skipped="0" failures="0" errors="0" timestamp="2020-08-11T09:57:55" hostname="Kaius-MBP" time="0.006">
  <properties/>
  <testcase name="findsPathTreeline" classname="logicTest.AstarTest" time="0.001"/>
  <testcase name="findsPathThreeTreelines" classname="logicTest.AstarTest" time="0.001"/>
  <testcase name="findsPathNoObstacles" classname="logicTest.AstarTest" time="0.0"/>
  <testcase name="noPathExits" classname="logicTest.AstarTest" time="0.001"/>
  <testcase name="findsPathTwoTreelines" classname="logicTest.AstarTest" time="0.001"/>
  <system-out><![CDATA[Cordinate [colum=1, lineNumber=4]
Cordinate [colum=2, lineNumber=4]
Cordinate [colum=3, lineNumber=4]
Cordinate [colum=4, lineNumber=4]
Cordinate [colum=2, lineNumber=3]
Cordinate [colum=4, lineNumber=5]
Cordinate [colum=1, lineNumber=3]
Cordinate [colum=2, lineNumber=5]
Cordinate [colum=3, lineNumber=3]
Cordinate [colum=3, lineNumber=3]
Cordinate [colum=4, lineNumber=3]
Cordinate [colum=1, lineNumber=5]
Cordinate [colum=3, lineNumber=5]
Cordinate [colum=3, lineNumber=5]
Cordinate [colum=4, lineNumber=3]
Cordinate [colum=3, lineNumber=2]
Cordinate [colum=2, lineNumber=6]
Cordinate [colum=1, lineNumber=5]
Cordinate [colum=3, lineNumber=5]
Cordinate [colum=2, lineNumber=2]
Cordinate [colum=1, lineNumber=3]
Cordinate [colum=4, lineNumber=6]
Cordinate [colum=3, lineNumber=6]
Cordinate [colum=4, lineNumber=2]
Cordinate [colum=4, lineNumber=2]
Cordinate [colum=3, lineNumber=6]
Cordinate [colum=1, lineNumber=6]
Cordinate [colum=2, lineNumber=2]
Cordinate [colum=1, lineNumber=6]
Cordinate [colum=3, lineNumber=1]
Cordinate [colum=2, lineNumber=7]
Cordinate [colum=1, lineNumber=2]
Cordinate [colum=4, lineNumber=1]
Cordinate [colum=3, lineNumber=6]
Cordinate [colum=5, lineNumber=1]
Cordinate [colum=4, lineNumber=7]
Cordinate [colum=3, lineNumber=7]
Cordinate [colum=6, lineNumber=1]
Cordinate [colum=4, lineNumber=1]
Cordinate [colum=6, lineNumber=2]
Cordinate [colum=7, lineNumber=1]
Cordinate [colum=6, lineNumber=3]
Cordinate [colum=8, lineNumber=1]
Cordinate [colum=7, lineNumber=3]
Cordinate [colum=8, lineNumber=2]
Cordinate [colum=7, lineNumber=4]
Cordinate [colum=2, lineNumber=1]
Cordinate [colum=2, lineNumber=2]
Cordinate [colum=1, lineNumber=1]
Cordinate [colum=1, lineNumber=2]
Cordinate [colum=1, lineNumber=2]
Cordinate [colum=2, lineNumber=3]
Cordinate [colum=1, lineNumber=3]
Cordinate [colum=1, lineNumber=3]
Cordinate [colum=2, lineNumber=4]
Cordinate [colum=1, lineNumber=4]
Cordinate [colum=1, lineNumber=4]
Cordinate [colum=2, lineNumber=5]
Cordinate [colum=1, lineNumber=5]
Cordinate [colum=1, lineNumber=5]
Cordinate [colum=2, lineNumber=6]
Cordinate [colum=1, lineNumber=6]
Cordinate [colum=1, lineNumber=6]
Cordinate [colum=2, lineNumber=7]
Cordinate [colum=1, lineNumber=7]
Cordinate [colum=1, lineNumber=7]
Cordinate [colum=2, lineNumber=8]
Cordinate [colum=3, lineNumber=8]
Cordinate [colum=4, lineNumber=8]
Cordinate [colum=4, lineNumber=7]
Cordinate [colum=4, lineNumber=6]
Cordinate [colum=4, lineNumber=5]
Cordinate [colum=4, lineNumber=4]
Cordinate [colum=4, lineNumber=3]
Cordinate [colum=4, lineNumber=2]
Cordinate [colum=4, lineNumber=1]
Cordinate [colum=5, lineNumber=1]
Cordinate [colum=6, lineNumber=1]
Cordinate [colum=1, lineNumber=8]
Cordinate [colum=6, lineNumber=2]
Cordinate [colum=1, lineNumber=8]
Cordinate [colum=6, lineNumber=3]
Cordinate [colum=6, lineNumber=4]
Cordinate [colum=6, lineNumber=5]
Cordinate [colum=6, lineNumber=6]
Cordinate [colum=6, lineNumber=7]
Cordinate [colum=6, lineNumber=8]
Cordinate [colum=7, lineNumber=8]
Cordinate [colum=8, lineNumber=8]
Cordinate [colum=8, lineNumber=7]
Cordinate [colum=8, lineNumber=6]
Cordinate [colum=8, lineNumber=5]
Cordinate [colum=8, lineNumber=4]
Cordinate [colum=8, lineNumber=3]
Cordinate [colum=8, lineNumber=2]
Cordinate [colum=1, lineNumber=4]
Cordinate [colum=2, lineNumber=4]
Cordinate [colum=3, lineNumber=4]
Cordinate [colum=4, lineNumber=4]
Cordinate [colum=5, lineNumber=4]
Cordinate [colum=6, lineNumber=4]
Cordinate [colum=7, lineNumber=4]
Cordinate [colum=1, lineNumber=4]
Cordinate [colum=2, lineNumber=4]
Cordinate [colum=3, lineNumber=4]
Cordinate [colum=4, lineNumber=4]
Cordinate [colum=2, lineNumber=3]
Cordinate [colum=4, lineNumber=5]
Cordinate [colum=1, lineNumber=3]
Cordinate [colum=2, lineNumber=5]
Cordinate [colum=3, lineNumber=3]
Cordinate [colum=3, lineNumber=3]
Cordinate [colum=4, lineNumber=3]
Cordinate [colum=1, lineNumber=5]
Cordinate [colum=3, lineNumber=5]
Cordinate [colum=3, lineNumber=5]
Cordinate [colum=4, lineNumber=3]
Cordinate [colum=3, lineNumber=2]
Cordinate [colum=2, lineNumber=6]
Cordinate [colum=1, lineNumber=5]
Cordinate [colum=3, lineNumber=5]
Cordinate [colum=2, lineNumber=2]
Cordinate [colum=1, lineNumber=3]
Cordinate [colum=4, lineNumber=6]
Cordinate [colum=3, lineNumber=6]
Cordinate [colum=4, lineNumber=2]
Cordinate [colum=4, lineNumber=2]
Cordinate [colum=3, lineNumber=6]
Cordinate [colum=1, lineNumber=6]
Cordinate [colum=2, lineNumber=2]
Cordinate [colum=1, lineNumber=6]
Cordinate [colum=3, lineNumber=1]
Cordinate [colum=2, lineNumber=7]
Cordinate [colum=1, lineNumber=2]
Cordinate [colum=4, lineNumber=1]
Cordinate [colum=3, lineNumber=6]
Cordinate [colum=4, lineNumber=7]
Cordinate [colum=3, lineNumber=7]
Cordinate [colum=4, lineNumber=1]
Cordinate [colum=1, lineNumber=7]
Cordinate [colum=4, lineNumber=8]
Cordinate [colum=2, lineNumber=1]
Cordinate [colum=1, lineNumber=2]
Cordinate [colum=3, lineNumber=7]
Cordinate [colum=2, lineNumber=1]
Cordinate [colum=1, lineNumber=7]
Cordinate [colum=3, lineNumber=7]
Cordinate [colum=2, lineNumber=8]
Cordinate [colum=3, lineNumber=8]
Cordinate [colum=1, lineNumber=8]
Cordinate [colum=3, lineNumber=8]
Cordinate [colum=1, lineNumber=1]
Cordinate [colum=3, lineNumber=8]
Cordinate [colum=1, lineNumber=1]
Cordinate [colum=1, lineNumber=8]
Cordinate [colum=1, lineNumber=4]
Cordinate [colum=2, lineNumber=4]
Cordinate [colum=1, lineNumber=3]
Cordinate [colum=2, lineNumber=5]
Cordinate [colum=2, lineNumber=3]
Cordinate [colum=1, lineNumber=5]
Cordinate [colum=2, lineNumber=3]
Cordinate [colum=1, lineNumber=5]
Cordinate [colum=2, lineNumber=6]
Cordinate [colum=1, lineNumber=2]
Cordinate [colum=2, lineNumber=2]
Cordinate [colum=2, lineNumber=2]
Cordinate [colum=2, lineNumber=1]
Cordinate [colum=1, lineNumber=1]
Cordinate [colum=1, lineNumber=6]
Cordinate [colum=2, lineNumber=7]
Cordinate [colum=1, lineNumber=6]
Cordinate [colum=1, lineNumber=7]
Cordinate [colum=2, lineNumber=8]
Cordinate [colum=1, lineNumber=1]
Cordinate [colum=3, lineNumber=8]
Cordinate [colum=1, lineNumber=7]
Cordinate [colum=4, lineNumber=8]
Cordinate [colum=4, lineNumber=7]
Cordinate [colum=4, lineNumber=6]
Cordinate [colum=4, lineNumber=5]
Cordinate [colum=4, lineNumber=4]
Cordinate [colum=1, lineNumber=8]
Cordinate [colum=4, lineNumber=3]
Cordinate [colum=1, lineNumber=8]
Cordinate [colum=4, lineNumber=2]
Cordinate [colum=4, lineNumber=1]
Cordinate [colum=5, lineNumber=1]
Cordinate [colum=6, lineNumber=1]
Cordinate [colum=6, lineNumber=2]
Cordinate [colum=7, lineNumber=1]
Cordinate [colum=7, lineNumber=2]
Cordinate [colum=8, lineNumber=1]
Cordinate [colum=8, lineNumber=2]
Cordinate [colum=8, lineNumber=2]
Cordinate [colum=8, lineNumber=3]
]]></system-out>
  <system-err><![CDATA[]]></system-err>
</testsuite>
