<?xml version="1.0" encoding="UTF-8"?>
<testsuite name="logicTest.AstarTest" tests="1" skipped="0" failures="0" errors="0" timestamp="2020-07-29T12:25:44" hostname="Kaius-MBP" time="0.001">
  <properties/>
  <testcase name="isAstar" classname="logicTest.AstarTest" time="0.001"/>
  <system-out><![CDATA[]]></system-out>
  <system-err><![CDATA[]]></system-err>
</testsuite>
