<?xml version="1.0" encoding="UTF-8"?>
<testsuite name="logicTest.JPSTest" tests="6" skipped="0" failures="0" errors="0" timestamp="2020-08-14T16:16:25" hostname="Kaius-MBP" time="0.135">
  <properties/>
  <testcase name="findsPathTreeline" classname="logicTest.JPSTest" time="0.06"/>
  <testcase name="findsPathThreeTreelines" classname="logicTest.JPSTest" time="0.018"/>
  <testcase name="findsPathNoObstacles" classname="logicTest.JPSTest" time="0.021"/>
  <testcase name="findsPathNoObstaclesReverse" classname="logicTest.JPSTest" time="0.018"/>
  <testcase name="noPathExits" classname="logicTest.JPSTest" time="0.009"/>
  <testcase name="findsPathThreeTreelinesReverse" classname="logicTest.JPSTest" time="0.009"/>
  <system-out><![CDATA[checking terrain at 5 1
t .
checking terrain at 3 1
t .
checking terrain at 4 2
t .
checking terrain at 4 0
t @
checking terrain at 5 1
t .
checking terrain at 5 0
t @
checking terrain at 5 2
t .
checking terrain at 4 2
t .
checking terrain at 5 2
t .
checking terrain at 6 2
t .
checking terrain at 6 1
t .
checking terrain at 4 2
t .
checking terrain at 4 1
t .
checking terrain at 5 3
t .
checking terrain at 6 3
t .
checking terrain at 6 2
t .
checking terrain at 4 3
t .
checking terrain at 4 2
t .
checking terrain at 5 4
t .
checking terrain at 6 4
t .
checking terrain at 6 3
t .
checking terrain at 4 4
t .
checking terrain at 4 3
t .
checking terrain at 5 5
t T
checking terrain at 5 0
t @
checking terrain at 6 1
t .
checking terrain at 6 0
t @
checking terrain at 6 2
t .
checking terrain at 5 2
t .
checking terrain at 6 2
t .
checking terrain at 7 2
t .
checking terrain at 7 1
t .
checking terrain at 5 2
t .
checking terrain at 5 1
t .
checking terrain at 6 3
t .
checking terrain at 7 3
t .
checking terrain at 7 2
t .
checking terrain at 5 3
t .
checking terrain at 5 2
t .
checking terrain at 6 4
t .
checking terrain at 7 4
t .
checking terrain at 7 3
t .
checking terrain at 5 4
t .
checking terrain at 5 3
t .
checking terrain at 6 5
t T
checking terrain at 6 0
t @
checking terrain at 7 1
t .
checking terrain at 7 0
t @
checking terrain at 7 2
t .
checking terrain at 6 2
t .
checking terrain at 7 2
t .
checking terrain at 8 2
t .
checking terrain at 8 1
t .
checking terrain at 6 2
t .
checking terrain at 6 1
t .
checking terrain at 7 3
t .
checking terrain at 8 3
t .
checking terrain at 8 2
t .
checking terrain at 6 3
t .
checking terrain at 6 2
t .
checking terrain at 7 4
t .
checking terrain at 8 4
t .
checking terrain at 8 3
t .
checking terrain at 6 4
t .
checking terrain at 6 3
t .
checking terrain at 7 5
t T
checking terrain at 7 0
t @
checking terrain at 8 1
t .
checking terrain at 8 0
t @
checking terrain at 8 2
t .
checking terrain at 7 2
t .
checking terrain at 8 2
t .
checking terrain at 9 2
t @
checking terrain at 7 2
t .
checking terrain at 7 1
t .
checking terrain at 8 3
t .
checking terrain at 9 3
t @
checking terrain at 7 3
t .
checking terrain at 7 2
t .
checking terrain at 8 4
t .
checking terrain at 9 4
t @
checking terrain at 7 4
t .
checking terrain at 7 3
t .
checking terrain at 8 5
t T
checking terrain at 8 0
t @
checking terrain at 9 1
t @
checking terrain at 3 1
t .
checking terrain at 3 0
t @
checking terrain at 3 2
t .
checking terrain at 4 2
t .
checking terrain at 3 2
t .
checking terrain at 4 2
t .
checking terrain at 4 1
t .
checking terrain at 2 2
t .
checking terrain at 2 1
t .
checking terrain at 3 3
t .
checking terrain at 4 3
t .
checking terrain at 4 2
t .
checking terrain at 2 3
t .
checking terrain at 2 2
t .
checking terrain at 3 4
t .
checking terrain at 4 4
t .
checking terrain at 4 3
t .
checking terrain at 2 4
t .
checking terrain at 2 3
t .
checking terrain at 3 5
t T
checking terrain at 3 0
t @
checking terrain at 2 1
t .
checking terrain at 2 0
t @
checking terrain at 2 2
t .
checking terrain at 3 2
t .
checking terrain at 2 2
t .
checking terrain at 3 2
t .
checking terrain at 3 1
t .
checking terrain at 1 2
t .
checking terrain at 1 1
t .
checking terrain at 2 3
t .
checking terrain at 3 3
t .
checking terrain at 3 2
t .
checking terrain at 1 3
t .
checking terrain at 1 2
t .
checking terrain at 2 4
t .
checking terrain at 3 4
t .
checking terrain at 3 3
t .
checking terrain at 1 4
t .
checking terrain at 1 3
t .
checking terrain at 2 5
t T
checking terrain at 2 0
t @
checking terrain at 1 1
t .
checking terrain at 1 0
t @
checking terrain at 1 2
t .
checking terrain at 2 2
t .
checking terrain at 1 2
t .
checking terrain at 2 2
t .
checking terrain at 2 1
t .
checking terrain at 0 2
t @
checking terrain at 1 3
t .
checking terrain at 2 3
t .
checking terrain at 2 2
t .
checking terrain at 0 3
t @
checking terrain at 1 4
t .
checking terrain at 2 4
t .
checking terrain at 2 3
t .
checking terrain at 0 4
t @
checking terrain at 1 5
t .
checking terrain at 2 5
t T
checking terrain at 0 5
t @
checking terrain at 1 6
t .
checking terrain at 2 6
t .
checking terrain at 2 5
t T
checking terrain at 4 2
t .
checking terrain at 5 2
t .
checking terrain at 5 1
t .
checking terrain at 3 2
t .
checking terrain at 3 1
t .
checking terrain at 4 3
t .
checking terrain at 5 3
t .
checking terrain at 5 2
t .
checking terrain at 3 3
t .
checking terrain at 3 2
t .
checking terrain at 4 4
t .
checking terrain at 5 4
t .
checking terrain at 5 3
t .
checking terrain at 3 4
t .
checking terrain at 3 3
t .
checking terrain at 4 5
t T
checking terrain at 1 2
t .
checking terrain at 1 0
t @
checking terrain at 0 1
t @
checking terrain at 1 2
t .
checking terrain at 2 2
t .
checking terrain at 2 1
t .
checking terrain at 0 2
t @
checking terrain at 1 3
t .
checking terrain at 2 3
t .
checking terrain at 2 2
t .
checking terrain at 0 3
t @
checking terrain at 1 4
t .
checking terrain at 2 4
t .
checking terrain at 2 3
t .
checking terrain at 0 4
t @
checking terrain at 1 5
t .
checking terrain at 2 5
t T
checking terrain at 0 5
t @
checking terrain at 1 6
t .
checking terrain at 2 6
t .
checking terrain at 2 5
t T
checking terrain at 2 6
t .
checking terrain at 0 6
t @
checking terrain at 1 7
t .
checking terrain at 2 6
t .
checking terrain at 2 5
t T
checking terrain at 2 7
t .
checking terrain at 1 7
t .
checking terrain at 2 7
t .
checking terrain at 3 7
t .
checking terrain at 3 6
t .
checking terrain at 1 7
t .
checking terrain at 1 6
t .
checking terrain at 2 8
t .
checking terrain at 3 8
t .
checking terrain at 3 7
t .
checking terrain at 1 8
t .
checking terrain at 1 7
t .
checking terrain at 2 9
t @
checking terrain at 2 5
t T
checking terrain at 3 6
t .
checking terrain at 3 5
t T
checking terrain at 3 7
t .
checking terrain at 2 7
t .
checking terrain at 3 7
t .
checking terrain at 4 7
t .
checking terrain at 4 6
t .
checking terrain at 2 7
t .
checking terrain at 2 6
t .
checking terrain at 3 8
t .
checking terrain at 4 8
t .
checking terrain at 4 7
t .
checking terrain at 2 8
t .
checking terrain at 2 7
t .
checking terrain at 3 9
t @
checking terrain at 3 5
t T
checking terrain at 4 6
t .
checking terrain at 4 5
t T
checking terrain at 4 7
t .
checking terrain at 3 7
t .
checking terrain at 4 7
t .
checking terrain at 5 7
t .
checking terrain at 5 6
t .
checking terrain at 3 7
t .
checking terrain at 3 6
t .
checking terrain at 1 7
t .
checking terrain at 2 7
t .
checking terrain at 2 6
t .
checking terrain at 0 7
t @
checking terrain at 1 8
t .
checking terrain at 2 8
t .
checking terrain at 2 7
t .
checking terrain at 0 8
t @
checking terrain at 1 9
t @
checking terrain at 4 7
t .
checking terrain at 4 5
t T
checking terrain at 5 6
t .
checking terrain at 4 7
t .
checking terrain at 5 7
t .
checking terrain at 5 6
t .
checking terrain at 3 7
t .
checking terrain at 3 6
t .
checking terrain at 5 6
t .
checking terrain at 5 5
t T
checking terrain at 5 7
t .
checking terrain at 4 7
t .
checking terrain at 5 7
t .
checking terrain at 6 7
t .
checking terrain at 6 6
t .
checking terrain at 4 7
t .
checking terrain at 4 6
t .
checking terrain at 5 8
t .
checking terrain at 6 8
t .
checking terrain at 6 7
t .
checking terrain at 4 8
t .
checking terrain at 4 7
t .
checking terrain at 5 9
t @
checking terrain at 5 5
t T
checking terrain at 6 6
t .
checking terrain at 6 5
t T
checking terrain at 6 7
t .
checking terrain at 5 7
t .
checking terrain at 6 7
t .
checking terrain at 7 7
t .
checking terrain at 7 6
t .
checking terrain at 5 7
t .
checking terrain at 5 6
t .
checking terrain at 6 8
t .
checking terrain at 7 8
t .
checking terrain at 7 7
t .
checking terrain at 5 8
t .
checking terrain at 5 7
t .
checking terrain at 6 9
t @
checking terrain at 6 5
t T
checking terrain at 7 6
t .
checking terrain at 7 5
t T
checking terrain at 7 7
t .
checking terrain at 6 7
t .
checking terrain at 7 7
t .
checking terrain at 8 7
t .
checking terrain at 8 6
t .
checking terrain at 6 7
t .
checking terrain at 6 6
t .
checking terrain at 7 8
t .
checking terrain at 8 8
t .
checking terrain at 8 7
t .
checking terrain at 6 8
t .
checking terrain at 6 7
t .
checking terrain at 7 9
t @
checking terrain at 7 5
t T
checking terrain at 8 6
t .
checking terrain at 8 5
t T
checking terrain at 8 7
t .
checking terrain at 7 7
t .
checking terrain at 8 7
t .
checking terrain at 9 7
t @
checking terrain at 7 7
t .
checking terrain at 7 6
t .
checking terrain at 8 8
t .
checking terrain at 9 8
t @
checking terrain at 7 8
t .
checking terrain at 7 7
t .
checking terrain at 8 9
t @
checking terrain at 8 5
t T
checking terrain at 9 6
t @
checking terrain at 2 2
t .
checking terrain at 0 2
t @
checking terrain at 1 3
t T
checking terrain at 1 1
t .
checking terrain at 2 2
t .
checking terrain at 2 1
t .
checking terrain at 1 1
t .
checking terrain at 2 3
t T
checking terrain at 2 3
t T
checking terrain at 2 1
t .
checking terrain at 3 1
t .
checking terrain at 3 2
t .
checking terrain at 1 1
t .
checking terrain at 1 2
t .
checking terrain at 2 0
t @
checking terrain at 3 2
t .
checking terrain at 3 1
t .
checking terrain at 2 1
t .
checking terrain at 3 3
t T
checking terrain at 3 3
t T
checking terrain at 3 1
t .
checking terrain at 4 1
t .
checking terrain at 4 2
t .
checking terrain at 2 1
t .
checking terrain at 2 2
t .
checking terrain at 3 0
t @
checking terrain at 4 2
t .
checking terrain at 4 1
t .
checking terrain at 3 1
t .
checking terrain at 4 3
t T
checking terrain at 4 3
t T
checking terrain at 4 1
t .
checking terrain at 5 1
t .
checking terrain at 5 2
t .
checking terrain at 3 1
t .
checking terrain at 3 2
t .
checking terrain at 4 0
t @
checking terrain at 5 2
t .
checking terrain at 5 1
t .
checking terrain at 4 1
t .
checking terrain at 5 3
t T
checking terrain at 5 3
t T
checking terrain at 5 1
t .
checking terrain at 6 1
t .
checking terrain at 6 2
t .
checking terrain at 4 1
t .
checking terrain at 4 2
t .
checking terrain at 5 0
t @
checking terrain at 6 2
t .
checking terrain at 6 1
t .
checking terrain at 5 1
t .
checking terrain at 6 3
t T
checking terrain at 6 3
t T
checking terrain at 6 1
t .
checking terrain at 7 1
t .
checking terrain at 7 2
t .
checking terrain at 5 1
t .
checking terrain at 5 2
t .
checking terrain at 6 0
t @
checking terrain at 7 2
t .
checking terrain at 7 1
t .
checking terrain at 6 1
t .
checking terrain at 7 3
t T
checking terrain at 7 3
t T
checking terrain at 7 1
t .
checking terrain at 8 1
t .
checking terrain at 8 2
t .
checking terrain at 6 1
t .
checking terrain at 6 2
t .
checking terrain at 7 0
t @
checking terrain at 8 2
t .
checking terrain at 8 1
t .
checking terrain at 7 1
t .
checking terrain at 8 3
t .
checking terrain at 7 3
t T
checking terrain at 1 1
t .
checking terrain at 2 1
t .
checking terrain at 2 2
t .
checking terrain at 0 1
t @
checking terrain at 1 0
t @
checking terrain at 8 3
t .
checking terrain at 8 1
t .
checking terrain at 9 2
t @
checking terrain at 8 3
t .
checking terrain at 9 3
t @
checking terrain at 7 3
t T
checking terrain at 8 4
t .
checking terrain at 9 4
t @
checking terrain at 7 4
t .
checking terrain at 7 3
t T
checking terrain at 8 1
t .
checking terrain at 9 1
t @
checking terrain at 7 1
t .
checking terrain at 7 2
t .
checking terrain at 8 0
t @
checking terrain at 9 4
t @
checking terrain at 7 4
t .
checking terrain at 8 5
t T
checking terrain at 7 4
t .
checking terrain at 7 3
t T
checking terrain at 7 5
t T
checking terrain at 7 5
t T
checking terrain at 7 3
t T
checking terrain at 6 4
t .
checking terrain at 6 3
t T
checking terrain at 6 5
t T
checking terrain at 6 5
t T
checking terrain at 6 3
t T
checking terrain at 5 4
t .
checking terrain at 5 3
t T
checking terrain at 5 5
t T
checking terrain at 5 5
t T
checking terrain at 5 3
t T
checking terrain at 4 4
t .
checking terrain at 4 3
t T
checking terrain at 4 5
t T
checking terrain at 4 5
t T
checking terrain at 4 3
t T
checking terrain at 3 4
t .
checking terrain at 3 3
t T
checking terrain at 3 5
t T
checking terrain at 3 5
t T
checking terrain at 3 3
t T
checking terrain at 2 4
t .
checking terrain at 2 3
t T
checking terrain at 2 5
t T
checking terrain at 2 5
t T
checking terrain at 2 3
t T
checking terrain at 1 4
t .
checking terrain at 1 3
t T
checking terrain at 1 5
t .
checking terrain at 2 5
t T
checking terrain at 1 5
t .
checking terrain at 1 3
t T
checking terrain at 0 4
t @
checking terrain at 1 5
t .
checking terrain at 2 5
t T
checking terrain at 0 5
t @
checking terrain at 1 6
t .
checking terrain at 2 6
t .
checking terrain at 2 5
t T
checking terrain at 2 6
t .
checking terrain at 0 6
t @
checking terrain at 1 7
t T
checking terrain at 2 6
t .
checking terrain at 2 5
t T
checking terrain at 2 7
t T
checking terrain at 2 7
t T
checking terrain at 2 5
t T
checking terrain at 3 6
t .
checking terrain at 3 5
t T
checking terrain at 3 7
t T
checking terrain at 3 7
t T
checking terrain at 3 5
t T
checking terrain at 4 6
t .
checking terrain at 4 5
t T
checking terrain at 4 7
t T
checking terrain at 4 7
t T
checking terrain at 4 5
t T
checking terrain at 5 6
t .
checking terrain at 5 5
t T
checking terrain at 5 7
t T
checking terrain at 5 7
t T
checking terrain at 5 5
t T
checking terrain at 6 6
t .
checking terrain at 6 5
t T
checking terrain at 6 7
t T
checking terrain at 6 7
t T
checking terrain at 6 5
t T
checking terrain at 7 6
t .
checking terrain at 7 5
t T
checking terrain at 7 7
t T
checking terrain at 7 7
t T
checking terrain at 7 5
t T
checking terrain at 8 6
t .
checking terrain at 8 5
t T
checking terrain at 8 7
t .
checking terrain at 7 7
t T
checking terrain at 8 7
t .
checking terrain at 8 5
t T
checking terrain at 9 6
t @
checking terrain at 8 7
t .
checking terrain at 9 7
t @
checking terrain at 7 7
t T
checking terrain at 8 8
t .
checking terrain at 9 8
t @
checking terrain at 7 8
t .
checking terrain at 7 7
t T
checking terrain at 9 8
t @
checking terrain at 7 8
t .
checking terrain at 8 9
t @
checking terrain at 7 8
t .
checking terrain at 7 7
t T
checking terrain at 7 9
t @
checking terrain at 7 9
t @
checking terrain at 7 7
t T
checking terrain at 6 8
t .
checking terrain at 6 7
t T
checking terrain at 6 9
t @
checking terrain at 6 9
t @
checking terrain at 6 7
t T
checking terrain at 5 8
t .
checking terrain at 5 7
t T
checking terrain at 5 9
t @
checking terrain at 5 9
t @
checking terrain at 5 7
t T
checking terrain at 4 8
t .
checking terrain at 4 7
t T
checking terrain at 4 9
t @
checking terrain at 4 9
t @
checking terrain at 4 7
t T
checking terrain at 3 8
t .
checking terrain at 3 7
t T
checking terrain at 3 9
t @
checking terrain at 3 9
t @
checking terrain at 3 7
t T
checking terrain at 2 8
t .
checking terrain at 2 7
t T
checking terrain at 2 9
t @
checking terrain at 2 9
t @
checking terrain at 2 7
t T
checking terrain at 5 1
t .
checking terrain at 3 1
t .
checking terrain at 4 2
t .
checking terrain at 4 0
t @
checking terrain at 5 1
t .
checking terrain at 5 0
t @
checking terrain at 5 2
t .
checking terrain at 4 2
t .
checking terrain at 5 2
t .
checking terrain at 6 2
t .
checking terrain at 6 1
t .
checking terrain at 4 2
t .
checking terrain at 4 1
t .
checking terrain at 5 3
t .
checking terrain at 6 3
t .
checking terrain at 6 2
t .
checking terrain at 4 3
t .
checking terrain at 4 2
t .
checking terrain at 5 4
t .
checking terrain at 6 4
t .
checking terrain at 6 3
t .
checking terrain at 4 4
t .
checking terrain at 4 3
t .
checking terrain at 5 5
t .
checking terrain at 6 5
t .
checking terrain at 6 4
t .
checking terrain at 4 5
t .
checking terrain at 4 4
t .
checking terrain at 5 6
t .
checking terrain at 6 6
t .
checking terrain at 6 5
t .
checking terrain at 4 6
t .
checking terrain at 4 5
t .
checking terrain at 5 7
t .
checking terrain at 6 7
t .
checking terrain at 6 6
t .
checking terrain at 4 7
t .
checking terrain at 4 6
t .
checking terrain at 5 8
t .
checking terrain at 6 8
t .
checking terrain at 6 7
t .
checking terrain at 4 8
t .
checking terrain at 4 7
t .
checking terrain at 5 9
t @
checking terrain at 5 0
t @
checking terrain at 6 1
t .
checking terrain at 6 0
t @
checking terrain at 6 2
t .
checking terrain at 5 2
t .
checking terrain at 6 2
t .
checking terrain at 7 2
t .
checking terrain at 7 1
t .
checking terrain at 5 2
t .
checking terrain at 5 1
t .
checking terrain at 6 3
t .
checking terrain at 7 3
t .
checking terrain at 7 2
t .
checking terrain at 5 3
t .
checking terrain at 5 2
t .
checking terrain at 6 4
t .
checking terrain at 7 4
t .
checking terrain at 7 3
t .
checking terrain at 5 4
t .
checking terrain at 5 3
t .
checking terrain at 6 5
t .
checking terrain at 7 5
t .
checking terrain at 7 4
t .
checking terrain at 5 5
t .
checking terrain at 5 4
t .
checking terrain at 6 6
t .
checking terrain at 7 6
t .
checking terrain at 7 5
t .
checking terrain at 5 6
t .
checking terrain at 5 5
t .
checking terrain at 6 7
t .
checking terrain at 7 7
t .
checking terrain at 7 6
t .
checking terrain at 5 7
t .
checking terrain at 5 6
t .
checking terrain at 6 8
t .
checking terrain at 7 8
t .
checking terrain at 7 7
t .
checking terrain at 5 8
t .
checking terrain at 5 7
t .
checking terrain at 6 9
t @
checking terrain at 6 0
t @
checking terrain at 7 1
t .
checking terrain at 7 0
t @
checking terrain at 7 2
t .
checking terrain at 6 2
t .
checking terrain at 7 2
t .
checking terrain at 8 2
t .
checking terrain at 8 1
t .
checking terrain at 6 2
t .
checking terrain at 6 1
t .
checking terrain at 7 3
t .
checking terrain at 8 3
t .
checking terrain at 8 2
t .
checking terrain at 6 3
t .
checking terrain at 6 2
t .
checking terrain at 7 4
t .
checking terrain at 8 4
t .
checking terrain at 8 3
t .
checking terrain at 6 4
t .
checking terrain at 6 3
t .
checking terrain at 7 5
t .
checking terrain at 8 5
t .
checking terrain at 8 4
t .
checking terrain at 6 5
t .
checking terrain at 6 4
t .
checking terrain at 7 6
t .
checking terrain at 8 6
t .
checking terrain at 8 5
t .
checking terrain at 6 6
t .
checking terrain at 6 5
t .
checking terrain at 7 7
t .
checking terrain at 8 7
t .
checking terrain at 8 6
t .
checking terrain at 6 7
t .
checking terrain at 6 6
t .
checking terrain at 7 8
t .
checking terrain at 8 8
t .
checking terrain at 8 7
t .
checking terrain at 6 8
t .
checking terrain at 6 7
t .
checking terrain at 7 9
t @
checking terrain at 7 0
t @
checking terrain at 8 1
t .
checking terrain at 8 0
t @
checking terrain at 8 2
t .
checking terrain at 7 2
t .
checking terrain at 8 2
t .
checking terrain at 9 2
t @
checking terrain at 7 2
t .
checking terrain at 7 1
t .
checking terrain at 8 3
t .
checking terrain at 9 3
t @
checking terrain at 7 3
t .
checking terrain at 7 2
t .
checking terrain at 8 4
t .
checking terrain at 9 4
t @
checking terrain at 7 4
t .
checking terrain at 7 3
t .
checking terrain at 8 5
t .
checking terrain at 9 5
t @
checking terrain at 7 5
t .
checking terrain at 7 4
t .
checking terrain at 8 6
t .
checking terrain at 9 6
t @
checking terrain at 7 6
t .
checking terrain at 7 5
t .
checking terrain at 8 7
t .
checking terrain at 9 7
t @
checking terrain at 7 7
t .
checking terrain at 7 6
t .
checking terrain at 8 8
t .
checking terrain at 9 8
t @
checking terrain at 7 8
t .
checking terrain at 7 7
t .
checking terrain at 8 9
t @
checking terrain at 8 0
t @
checking terrain at 9 1
t @
checking terrain at 3 1
t .
checking terrain at 3 0
t @
checking terrain at 3 2
t .
checking terrain at 4 2
t .
checking terrain at 3 2
t .
checking terrain at 4 2
t .
checking terrain at 4 1
t .
checking terrain at 2 2
t .
checking terrain at 2 1
t .
checking terrain at 3 3
t .
checking terrain at 4 3
t .
checking terrain at 4 2
t .
checking terrain at 2 3
t .
checking terrain at 2 2
t .
checking terrain at 3 4
t .
checking terrain at 4 4
t .
checking terrain at 4 3
t .
checking terrain at 2 4
t .
checking terrain at 2 3
t .
checking terrain at 3 5
t .
checking terrain at 4 5
t .
checking terrain at 4 4
t .
checking terrain at 2 5
t .
checking terrain at 2 4
t .
checking terrain at 3 6
t .
checking terrain at 4 6
t .
checking terrain at 4 5
t .
checking terrain at 2 6
t .
checking terrain at 2 5
t .
checking terrain at 3 7
t .
checking terrain at 4 7
t .
checking terrain at 4 6
t .
checking terrain at 2 7
t .
checking terrain at 2 6
t .
checking terrain at 3 8
t .
checking terrain at 4 8
t .
checking terrain at 4 7
t .
checking terrain at 2 8
t .
checking terrain at 2 7
t .
checking terrain at 3 9
t @
checking terrain at 3 0
t @
checking terrain at 2 1
t .
checking terrain at 2 0
t @
checking terrain at 2 2
t .
checking terrain at 3 2
t .
checking terrain at 2 2
t .
checking terrain at 3 2
t .
checking terrain at 3 1
t .
checking terrain at 1 2
t .
checking terrain at 1 1
t .
checking terrain at 2 3
t .
checking terrain at 3 3
t .
checking terrain at 3 2
t .
checking terrain at 1 3
t .
checking terrain at 1 2
t .
checking terrain at 2 4
t .
checking terrain at 3 4
t .
checking terrain at 3 3
t .
checking terrain at 1 4
t .
checking terrain at 1 3
t .
checking terrain at 2 5
t .
checking terrain at 3 5
t .
checking terrain at 3 4
t .
checking terrain at 1 5
t .
checking terrain at 1 4
t .
checking terrain at 2 6
t .
checking terrain at 3 6
t .
checking terrain at 3 5
t .
checking terrain at 1 6
t .
checking terrain at 1 5
t .
checking terrain at 2 7
t .
checking terrain at 3 7
t .
checking terrain at 3 6
t .
checking terrain at 1 7
t .
checking terrain at 1 6
t .
checking terrain at 2 8
t .
checking terrain at 3 8
t .
checking terrain at 3 7
t .
checking terrain at 1 8
t .
checking terrain at 1 7
t .
checking terrain at 2 9
t @
checking terrain at 2 0
t @
checking terrain at 1 1
t .
checking terrain at 1 0
t @
checking terrain at 1 2
t .
checking terrain at 2 2
t .
checking terrain at 1 2
t .
checking terrain at 2 2
t .
checking terrain at 2 1
t .
checking terrain at 0 2
t @
checking terrain at 1 3
t .
checking terrain at 2 3
t .
checking terrain at 2 2
t .
checking terrain at 0 3
t @
checking terrain at 1 4
t .
checking terrain at 2 4
t .
checking terrain at 2 3
t .
checking terrain at 0 4
t @
checking terrain at 1 5
t .
checking terrain at 2 5
t .
checking terrain at 2 4
t .
checking terrain at 0 5
t @
checking terrain at 1 6
t .
checking terrain at 2 6
t .
checking terrain at 2 5
t .
checking terrain at 0 6
t @
checking terrain at 1 7
t .
checking terrain at 2 7
t .
checking terrain at 2 6
t .
checking terrain at 0 7
t @
checking terrain at 1 8
t .
checking terrain at 2 8
t .
checking terrain at 2 7
t .
checking terrain at 0 8
t @
checking terrain at 1 9
t @
checking terrain at 1 0
t @
checking terrain at 0 1
t @
checking terrain at 4 2
t .
checking terrain at 5 2
t .
checking terrain at 5 1
t .
checking terrain at 3 2
t .
checking terrain at 3 1
t .
checking terrain at 4 3
t .
checking terrain at 5 3
t .
checking terrain at 5 2
t .
checking terrain at 3 3
t .
checking terrain at 3 2
t .
checking terrain at 4 4
t .
checking terrain at 5 4
t .
checking terrain at 5 3
t .
checking terrain at 3 4
t .
checking terrain at 3 3
t .
checking terrain at 4 5
t .
checking terrain at 5 5
t .
checking terrain at 5 4
t .
checking terrain at 3 5
t .
checking terrain at 3 4
t .
checking terrain at 4 6
t .
checking terrain at 5 6
t .
checking terrain at 5 5
t .
checking terrain at 3 6
t .
checking terrain at 3 5
t .
checking terrain at 4 7
t .
checking terrain at 5 7
t .
checking terrain at 5 6
t .
checking terrain at 3 7
t .
checking terrain at 3 6
t .
checking terrain at 5 8
t .
checking terrain at 3 8
t .
checking terrain at 4 9
t @
checking terrain at 4 7
t .
checking terrain at 5 8
t .
checking terrain at 5 7
t .
checking terrain at 4 7
t .
checking terrain at 5 9
t @
checking terrain at 5 9
t @
checking terrain at 5 7
t .
checking terrain at 6 7
t .
checking terrain at 6 8
t .
checking terrain at 4 7
t .
checking terrain at 4 8
t .
checking terrain at 5 6
t .
checking terrain at 6 6
t .
checking terrain at 6 7
t .
checking terrain at 4 6
t .
checking terrain at 4 7
t .
checking terrain at 5 5
t .
checking terrain at 6 5
t .
checking terrain at 6 6
t .
checking terrain at 4 5
t .
checking terrain at 4 6
t .
checking terrain at 5 4
t .
checking terrain at 6 4
t .
checking terrain at 6 5
t .
checking terrain at 4 4
t .
checking terrain at 4 5
t .
checking terrain at 5 3
t .
checking terrain at 6 3
t .
checking terrain at 6 4
t .
checking terrain at 4 3
t .
checking terrain at 4 4
t .
checking terrain at 5 2
t .
checking terrain at 6 2
t .
checking terrain at 6 3
t .
checking terrain at 4 2
t .
checking terrain at 4 3
t .
checking terrain at 5 1
t .
checking terrain at 6 1
t .
checking terrain at 6 2
t .
checking terrain at 4 1
t .
checking terrain at 4 2
t .
checking terrain at 5 0
t @
checking terrain at 6 8
t .
checking terrain at 6 7
t .
checking terrain at 5 7
t .
checking terrain at 6 9
t @
checking terrain at 6 9
t @
checking terrain at 6 7
t .
checking terrain at 7 7
t .
checking terrain at 7 8
t .
checking terrain at 5 7
t .
checking terrain at 5 8
t .
checking terrain at 6 6
t .
checking terrain at 7 6
t .
checking terrain at 7 7
t .
checking terrain at 5 6
t .
checking terrain at 5 7
t .
checking terrain at 6 5
t .
checking terrain at 7 5
t .
checking terrain at 7 6
t .
checking terrain at 5 5
t .
checking terrain at 5 6
t .
checking terrain at 6 4
t .
checking terrain at 7 4
t .
checking terrain at 7 5
t .
checking terrain at 5 4
t .
checking terrain at 5 5
t .
checking terrain at 6 3
t .
checking terrain at 7 3
t .
checking terrain at 7 4
t .
checking terrain at 5 3
t .
checking terrain at 5 4
t .
checking terrain at 6 2
t .
checking terrain at 7 2
t .
checking terrain at 7 3
t .
checking terrain at 5 2
t .
checking terrain at 5 3
t .
checking terrain at 6 1
t .
checking terrain at 7 1
t .
checking terrain at 7 2
t .
checking terrain at 5 1
t .
checking terrain at 5 2
t .
checking terrain at 6 0
t @
checking terrain at 7 8
t .
checking terrain at 7 7
t .
checking terrain at 6 7
t .
checking terrain at 7 9
t @
checking terrain at 7 9
t @
checking terrain at 7 7
t .
checking terrain at 8 7
t .
checking terrain at 8 8
t .
checking terrain at 6 7
t .
checking terrain at 6 8
t .
checking terrain at 7 6
t .
checking terrain at 8 6
t .
checking terrain at 8 7
t .
checking terrain at 6 6
t .
checking terrain at 6 7
t .
checking terrain at 7 5
t .
checking terrain at 8 5
t .
checking terrain at 8 6
t .
checking terrain at 6 5
t .
checking terrain at 6 6
t .
checking terrain at 7 4
t .
checking terrain at 8 4
t .
checking terrain at 8 5
t .
checking terrain at 6 4
t .
checking terrain at 6 5
t .
checking terrain at 7 3
t .
checking terrain at 8 3
t .
checking terrain at 8 4
t .
checking terrain at 6 3
t .
checking terrain at 6 4
t .
checking terrain at 7 2
t .
checking terrain at 8 2
t .
checking terrain at 8 3
t .
checking terrain at 6 2
t .
checking terrain at 6 3
t .
checking terrain at 7 1
t .
checking terrain at 8 1
t .
checking terrain at 8 2
t .
checking terrain at 6 1
t .
checking terrain at 6 2
t .
checking terrain at 7 0
t @
checking terrain at 8 8
t .
checking terrain at 8 7
t .
checking terrain at 7 7
t .
checking terrain at 8 9
t @
checking terrain at 8 9
t @
checking terrain at 8 7
t .
checking terrain at 9 7
t @
checking terrain at 7 7
t .
checking terrain at 7 8
t .
checking terrain at 8 6
t .
checking terrain at 9 6
t @
checking terrain at 7 6
t .
checking terrain at 7 7
t .
checking terrain at 8 5
t .
checking terrain at 9 5
t @
checking terrain at 7 5
t .
checking terrain at 7 6
t .
checking terrain at 8 4
t .
checking terrain at 9 4
t @
checking terrain at 7 4
t .
checking terrain at 7 5
t .
checking terrain at 8 3
t .
checking terrain at 9 3
t @
checking terrain at 7 3
t .
checking terrain at 7 4
t .
checking terrain at 8 2
t .
checking terrain at 9 2
t @
checking terrain at 7 2
t .
checking terrain at 7 3
t .
checking terrain at 8 1
t .
checking terrain at 9 1
t @
checking terrain at 7 1
t .
checking terrain at 7 2
t .
checking terrain at 8 0
t @
checking terrain at 9 8
t @
checking terrain at 3 8
t .
checking terrain at 3 7
t .
checking terrain at 4 7
t .
checking terrain at 3 9
t @
checking terrain at 3 9
t @
checking terrain at 3 7
t .
checking terrain at 4 7
t .
checking terrain at 4 8
t .
checking terrain at 2 7
t .
checking terrain at 2 8
t .
checking terrain at 3 6
t .
checking terrain at 4 6
t .
checking terrain at 4 7
t .
checking terrain at 2 6
t .
checking terrain at 2 7
t .
checking terrain at 3 5
t .
checking terrain at 4 5
t .
checking terrain at 4 6
t .
checking terrain at 2 5
t .
checking terrain at 2 6
t .
checking terrain at 3 4
t .
checking terrain at 4 4
t .
checking terrain at 4 5
t .
checking terrain at 2 4
t .
checking terrain at 2 5
t .
checking terrain at 3 3
t .
checking terrain at 4 3
t .
checking terrain at 4 4
t .
checking terrain at 2 3
t .
checking terrain at 2 4
t .
checking terrain at 3 2
t .
checking terrain at 4 2
t .
checking terrain at 4 3
t .
checking terrain at 2 2
t .
checking terrain at 2 3
t .
checking terrain at 3 1
t .
checking terrain at 4 1
t .
checking terrain at 4 2
t .
checking terrain at 2 1
t .
checking terrain at 2 2
t .
checking terrain at 3 0
t @
checking terrain at 2 8
t .
checking terrain at 2 7
t .
checking terrain at 3 7
t .
checking terrain at 2 9
t @
checking terrain at 2 9
t @
checking terrain at 2 7
t .
checking terrain at 3 7
t .
checking terrain at 3 8
t .
checking terrain at 1 7
t .
checking terrain at 1 8
t .
checking terrain at 2 6
t .
checking terrain at 3 6
t .
checking terrain at 3 7
t .
checking terrain at 1 6
t .
checking terrain at 1 7
t .
checking terrain at 2 5
t .
checking terrain at 3 5
t .
checking terrain at 3 6
t .
checking terrain at 1 5
t .
checking terrain at 1 6
t .
checking terrain at 2 4
t .
checking terrain at 3 4
t .
checking terrain at 3 5
t .
checking terrain at 1 4
t .
checking terrain at 1 5
t .
checking terrain at 2 3
t .
checking terrain at 3 3
t .
checking terrain at 3 4
t .
checking terrain at 1 3
t .
checking terrain at 1 4
t .
checking terrain at 2 2
t .
checking terrain at 3 2
t .
checking terrain at 3 3
t .
checking terrain at 1 2
t .
checking terrain at 1 3
t .
checking terrain at 2 1
t .
checking terrain at 3 1
t .
checking terrain at 3 2
t .
checking terrain at 1 1
t .
checking terrain at 1 2
t .
checking terrain at 2 0
t @
checking terrain at 1 8
t .
checking terrain at 1 7
t .
checking terrain at 2 7
t .
checking terrain at 1 9
t @
checking terrain at 1 9
t @
checking terrain at 1 7
t .
checking terrain at 2 7
t .
checking terrain at 2 8
t .
checking terrain at 0 7
t @
checking terrain at 1 6
t .
checking terrain at 2 6
t .
checking terrain at 2 7
t .
checking terrain at 0 6
t @
checking terrain at 1 5
t .
checking terrain at 2 5
t .
checking terrain at 2 6
t .
checking terrain at 0 5
t @
checking terrain at 1 4
t .
checking terrain at 2 4
t .
checking terrain at 2 5
t .
checking terrain at 0 4
t @
checking terrain at 1 3
t .
checking terrain at 2 3
t .
checking terrain at 2 4
t .
checking terrain at 0 3
t @
checking terrain at 1 2
t .
checking terrain at 2 2
t .
checking terrain at 2 3
t .
checking terrain at 0 2
t @
checking terrain at 1 1
t .
checking terrain at 2 1
t .
checking terrain at 2 2
t .
checking terrain at 0 1
t @
checking terrain at 1 0
t @
checking terrain at 0 8
t @
checking terrain at 4 7
t .
checking terrain at 5 7
t .
checking terrain at 5 8
t .
checking terrain at 3 7
t .
checking terrain at 3 8
t .
checking terrain at 4 6
t .
checking terrain at 5 6
t .
checking terrain at 5 7
t .
checking terrain at 3 6
t .
checking terrain at 3 7
t .
checking terrain at 4 5
t .
checking terrain at 5 5
t .
checking terrain at 5 6
t .
checking terrain at 3 5
t .
checking terrain at 3 6
t .
checking terrain at 4 4
t .
checking terrain at 5 4
t .
checking terrain at 5 5
t .
checking terrain at 3 4
t .
checking terrain at 3 5
t .
checking terrain at 4 3
t .
checking terrain at 5 3
t .
checking terrain at 5 4
t .
checking terrain at 3 3
t .
checking terrain at 3 4
t .
checking terrain at 4 2
t .
checking terrain at 5 2
t .
checking terrain at 5 3
t .
checking terrain at 3 2
t .
checking terrain at 3 3
t .
checking terrain at 5 1
t .
checking terrain at 3 1
t .
checking terrain at 4 2
t .
checking terrain at 4 0
t @
checking terrain at 5 1
t .
checking terrain at 5 0
t @
checking terrain at 5 2
t .
checking terrain at 4 2
t .
checking terrain at 5 2
t .
checking terrain at 6 2
t .
checking terrain at 6 1
t .
checking terrain at 4 2
t .
checking terrain at 4 1
t .
checking terrain at 5 3
t .
checking terrain at 6 3
t .
checking terrain at 6 2
t .
checking terrain at 4 3
t .
checking terrain at 4 2
t .
checking terrain at 5 4
t .
checking terrain at 6 4
t .
checking terrain at 6 3
t .
checking terrain at 4 4
t .
checking terrain at 4 3
t .
checking terrain at 5 5
t T
checking terrain at 5 0
t @
checking terrain at 6 1
t .
checking terrain at 6 0
t @
checking terrain at 6 2
t .
checking terrain at 5 2
t .
checking terrain at 6 2
t .
checking terrain at 7 2
t .
checking terrain at 7 1
t .
checking terrain at 5 2
t .
checking terrain at 5 1
t .
checking terrain at 6 3
t .
checking terrain at 7 3
t .
checking terrain at 7 2
t .
checking terrain at 5 3
t .
checking terrain at 5 2
t .
checking terrain at 6 4
t .
checking terrain at 7 4
t .
checking terrain at 7 3
t .
checking terrain at 5 4
t .
checking terrain at 5 3
t .
checking terrain at 6 5
t T
checking terrain at 6 0
t @
checking terrain at 7 1
t .
checking terrain at 7 0
t @
checking terrain at 7 2
t .
checking terrain at 6 2
t .
checking terrain at 7 2
t .
checking terrain at 8 2
t .
checking terrain at 8 1
t .
checking terrain at 6 2
t .
checking terrain at 6 1
t .
checking terrain at 7 3
t .
checking terrain at 8 3
t .
checking terrain at 8 2
t .
checking terrain at 6 3
t .
checking terrain at 6 2
t .
checking terrain at 7 4
t .
checking terrain at 8 4
t .
checking terrain at 8 3
t .
checking terrain at 6 4
t .
checking terrain at 6 3
t .
checking terrain at 7 5
t T
checking terrain at 7 0
t @
checking terrain at 8 1
t .
checking terrain at 8 0
t @
checking terrain at 8 2
t .
checking terrain at 7 2
t .
checking terrain at 8 2
t .
checking terrain at 9 2
t @
checking terrain at 7 2
t .
checking terrain at 7 1
t .
checking terrain at 8 3
t .
checking terrain at 9 3
t @
checking terrain at 7 3
t .
checking terrain at 7 2
t .
checking terrain at 8 4
t .
checking terrain at 9 4
t @
checking terrain at 7 4
t .
checking terrain at 7 3
t .
checking terrain at 8 5
t T
checking terrain at 8 0
t @
checking terrain at 9 1
t @
checking terrain at 3 1
t .
checking terrain at 3 0
t @
checking terrain at 3 2
t .
checking terrain at 4 2
t .
checking terrain at 3 2
t .
checking terrain at 4 2
t .
checking terrain at 4 1
t .
checking terrain at 2 2
t .
checking terrain at 2 1
t .
checking terrain at 3 3
t .
checking terrain at 4 3
t .
checking terrain at 4 2
t .
checking terrain at 2 3
t .
checking terrain at 2 2
t .
checking terrain at 3 4
t .
checking terrain at 4 4
t .
checking terrain at 4 3
t .
checking terrain at 2 4
t .
checking terrain at 2 3
t .
checking terrain at 3 5
t T
checking terrain at 3 0
t @
checking terrain at 2 1
t .
checking terrain at 2 0
t @
checking terrain at 2 2
t .
checking terrain at 3 2
t .
checking terrain at 2 2
t .
checking terrain at 3 2
t .
checking terrain at 3 1
t .
checking terrain at 1 2
t .
checking terrain at 1 1
t .
checking terrain at 2 3
t .
checking terrain at 3 3
t .
checking terrain at 3 2
t .
checking terrain at 1 3
t .
checking terrain at 1 2
t .
checking terrain at 2 4
t .
checking terrain at 3 4
t .
checking terrain at 3 3
t .
checking terrain at 1 4
t .
checking terrain at 1 3
t .
checking terrain at 2 5
t T
checking terrain at 2 0
t @
checking terrain at 1 1
t .
checking terrain at 1 0
t @
checking terrain at 1 2
t .
checking terrain at 2 2
t .
checking terrain at 1 2
t .
checking terrain at 2 2
t .
checking terrain at 2 1
t .
checking terrain at 0 2
t @
checking terrain at 1 3
t .
checking terrain at 2 3
t .
checking terrain at 2 2
t .
checking terrain at 0 3
t @
checking terrain at 1 4
t .
checking terrain at 2 4
t .
checking terrain at 2 3
t .
checking terrain at 0 4
t @
checking terrain at 1 5
t T
checking terrain at 1 0
t @
checking terrain at 0 1
t @
checking terrain at 4 2
t .
checking terrain at 5 2
t .
checking terrain at 5 1
t .
checking terrain at 3 2
t .
checking terrain at 3 1
t .
checking terrain at 4 3
t .
checking terrain at 5 3
t .
checking terrain at 5 2
t .
checking terrain at 3 3
t .
checking terrain at 3 2
t .
checking terrain at 4 4
t .
checking terrain at 5 4
t .
checking terrain at 5 3
t .
checking terrain at 3 4
t .
checking terrain at 3 3
t .
checking terrain at 4 5
t T
checking terrain at 2 8
t .
checking terrain at 0 8
t @
checking terrain at 1 9
t @
checking terrain at 1 7
t T
checking terrain at 2 8
t .
checking terrain at 2 7
t T
checking terrain at 2 9
t @
checking terrain at 2 9
t @
checking terrain at 2 7
t T
checking terrain at 3 8
t .
checking terrain at 3 7
t T
checking terrain at 3 9
t @
checking terrain at 3 9
t @
checking terrain at 3 7
t T
checking terrain at 4 8
t .
checking terrain at 4 7
t T
checking terrain at 4 9
t @
checking terrain at 4 9
t @
checking terrain at 4 7
t T
checking terrain at 5 8
t .
checking terrain at 5 7
t T
checking terrain at 5 9
t @
checking terrain at 5 9
t @
checking terrain at 5 7
t T
checking terrain at 6 8
t .
checking terrain at 6 7
t T
checking terrain at 6 9
t @
checking terrain at 6 9
t @
checking terrain at 6 7
t T
checking terrain at 7 8
t .
checking terrain at 7 7
t T
checking terrain at 7 9
t @
checking terrain at 7 9
t @
checking terrain at 7 7
t T
checking terrain at 8 8
t .
checking terrain at 8 7
t .
checking terrain at 7 7
t T
checking terrain at 8 9
t @
checking terrain at 8 7
t .
checking terrain at 9 8
t @
checking terrain at 8 7
t .
checking terrain at 9 7
t @
checking terrain at 7 7
t T
checking terrain at 8 6
t .
checking terrain at 9 6
t @
checking terrain at 7 6
t .
checking terrain at 7 7
t T
checking terrain at 9 6
t @
checking terrain at 7 6
t .
checking terrain at 8 5
t T
checking terrain at 7 6
t .
checking terrain at 7 5
t T
checking terrain at 7 7
t T
checking terrain at 7 7
t T
checking terrain at 7 5
t T
checking terrain at 6 6
t .
checking terrain at 6 5
t T
checking terrain at 6 7
t T
checking terrain at 6 7
t T
checking terrain at 6 5
t T
checking terrain at 5 6
t .
checking terrain at 5 5
t T
checking terrain at 5 7
t T
checking terrain at 5 7
t T
checking terrain at 5 5
t T
checking terrain at 4 6
t .
checking terrain at 4 5
t T
checking terrain at 4 7
t T
checking terrain at 4 7
t T
checking terrain at 4 5
t T
checking terrain at 3 6
t .
checking terrain at 3 5
t T
checking terrain at 3 7
t T
checking terrain at 3 7
t T
checking terrain at 3 5
t T
checking terrain at 2 6
t .
checking terrain at 2 5
t T
checking terrain at 2 7
t T
checking terrain at 2 7
t T
checking terrain at 2 5
t T
checking terrain at 1 6
t .
checking terrain at 1 5
t .
checking terrain at 2 5
t T
checking terrain at 1 7
t T
checking terrain at 1 5
t .
checking terrain at 0 6
t @
checking terrain at 1 5
t .
checking terrain at 2 5
t T
checking terrain at 0 5
t @
checking terrain at 1 4
t .
checking terrain at 2 4
t .
checking terrain at 2 5
t T
checking terrain at 2 4
t .
checking terrain at 0 4
t @
checking terrain at 1 3
t T
checking terrain at 2 4
t .
checking terrain at 2 3
t T
checking terrain at 2 5
t T
checking terrain at 2 5
t T
checking terrain at 2 3
t T
checking terrain at 3 4
t .
checking terrain at 3 3
t T
checking terrain at 3 5
t T
checking terrain at 3 5
t T
checking terrain at 3 3
t T
checking terrain at 4 4
t .
checking terrain at 4 3
t T
checking terrain at 4 5
t T
checking terrain at 4 5
t T
checking terrain at 4 3
t T
checking terrain at 5 4
t .
checking terrain at 5 3
t T
checking terrain at 5 5
t T
checking terrain at 5 5
t T
checking terrain at 5 3
t T
checking terrain at 6 4
t .
checking terrain at 6 3
t T
checking terrain at 6 5
t T
checking terrain at 6 5
t T
checking terrain at 6 3
t T
checking terrain at 7 4
t .
checking terrain at 7 3
t T
checking terrain at 7 5
t T
checking terrain at 7 5
t T
checking terrain at 7 3
t T
checking terrain at 8 4
t .
checking terrain at 8 3
t .
checking terrain at 7 3
t T
checking terrain at 8 5
t T
checking terrain at 8 3
t .
checking terrain at 9 4
t @
checking terrain at 8 3
t .
checking terrain at 9 3
t @
checking terrain at 7 3
t T
checking terrain at 8 2
t .
checking terrain at 9 2
t @
checking terrain at 7 2
t .
checking terrain at 7 3
t T
checking terrain at 9 2
t @
checking terrain at 7 2
t .
checking terrain at 8 1
t .
checking terrain at 7 2
t .
checking terrain at 7 1
t .
checking terrain at 8 1
t .
checking terrain at 7 3
t T
checking terrain at 7 3
t T
checking terrain at 7 1
t .
checking terrain at 8 1
t .
checking terrain at 8 2
t .
checking terrain at 6 1
t .
checking terrain at 6 2
t .
checking terrain at 7 0
t @
checking terrain at 6 2
t .
checking terrain at 6 1
t .
checking terrain at 7 1
t .
checking terrain at 6 3
t T
checking terrain at 6 3
t T
checking terrain at 6 1
t .
checking terrain at 7 1
t .
checking terrain at 7 2
t .
checking terrain at 5 1
t .
checking terrain at 5 2
t .
checking terrain at 6 0
t @
checking terrain at 5 2
t .
checking terrain at 5 1
t .
checking terrain at 6 1
t .
checking terrain at 5 3
t T
checking terrain at 5 3
t T
checking terrain at 5 1
t .
checking terrain at 6 1
t .
checking terrain at 6 2
t .
checking terrain at 4 1
t .
checking terrain at 4 2
t .
checking terrain at 5 0
t @
checking terrain at 4 2
t .
checking terrain at 4 1
t .
checking terrain at 5 1
t .
checking terrain at 4 3
t T
checking terrain at 4 3
t T
checking terrain at 4 1
t .
checking terrain at 5 1
t .
checking terrain at 5 2
t .
checking terrain at 3 1
t .
checking terrain at 3 2
t .
checking terrain at 4 0
t @
checking terrain at 3 2
t .
checking terrain at 3 1
t .
checking terrain at 4 1
t .
checking terrain at 3 3
t T
checking terrain at 3 3
t T
checking terrain at 3 1
t .
checking terrain at 4 1
t .
checking terrain at 4 2
t .
checking terrain at 2 1
t .
checking terrain at 2 2
t .
checking terrain at 3 0
t @
checking terrain at 2 2
t .
checking terrain at 2 1
t .
checking terrain at 3 1
t .
checking terrain at 2 3
t T
checking terrain at 2 3
t T
checking terrain at 2 1
t .
checking terrain at 3 1
t .
checking terrain at 3 2
t .
checking terrain at 1 1
t .
checking terrain at 1 2
t .
checking terrain at 2 0
t @
checking terrain at 8 1
t .
checking terrain at 9 1
t @
checking terrain at 7 1
t .
checking terrain at 7 2
t .
checking terrain at 8 0
t @
]]></system-out>
  <system-err><![CDATA[]]></system-err>
</testsuite>
