<?xml version="1.0" encoding="UTF-8"?>
<testsuite name="datastructuresTest.CordinateListTest" tests="4" skipped="0" failures="0" errors="0" timestamp="2020-09-04T11:54:57" hostname="Kaius-MBP" time="0.001">
  <properties/>
  <testcase name="listGrows" classname="datastructuresTest.CordinateListTest" time="0.0"/>
  <testcase name="cantGetNegativePos" classname="datastructuresTest.CordinateListTest" time="0.0"/>
  <testcase name="cantGetPosThatsNotBeenAdded" classname="datastructuresTest.CordinateListTest" time="0.0"/>
  <testcase name="addAndGetWork" classname="datastructuresTest.CordinateListTest" time="0.0"/>
  <system-out><![CDATA[]]></system-out>
  <system-err><![CDATA[]]></system-err>
</testsuite>
