<?xml version="1.0" encoding="UTF-8"?>
<testsuite name="logicTest.BFSTest" tests="3" skipped="0" failures="0" errors="0" timestamp="2020-08-14T16:16:25" hostname="Kaius-MBP" time="0.003">
  <properties/>
  <testcase name="findsPathTreeline" classname="logicTest.BFSTest" time="0.002"/>
  <testcase name="noPathExits" classname="logicTest.BFSTest" time="0.0"/>
  <testcase name="findsPathNoObstacle" classname="logicTest.BFSTest" time="0.001"/>
  <system-out><![CDATA[]]></system-out>
  <system-err><![CDATA[]]></system-err>
</testsuite>
